<?xml version="1.0" encoding="UTF-8"?>
<Site BuildName="Win32-MSBuild"
	BuildStamp="20231025-2220-Experimental"
	Name="LAPTOP-5ON55ERL"
	Generator="ctest-3.27.7"
	CompilerName="C:/Program Files (x86)/Microsoft Visual Studio/2022/BuildTools/VC/Tools/MSVC/14.37.32822/bin/Hostx64/x64/cl.exe"
	CompilerVersion="19.37.32825.0"
	OSName="Windows"
	Hostname="LAPTOP-5ON55ERL"
	OSRelease=" Personal"
	OSVersion=" (Build 19045)"
	OSPlatform="AMD64"
	Is64Bits="1"
	VendorString="AuthenticAMD"
	VendorID="Advanced Micro Devices"
	FamilyID="15"
	ModelID="0"
	ProcessorCacheSize="64"
	NumberOfLogicalCPU="12"
	NumberOfPhysicalCPU="6"
	TotalVirtualMemory="19373"
	TotalPhysicalMemory="7597"
	LogicalProcessorsPerPhysical="2"
	ProcessorClockFrequency="2994"
	>
	<Testing>
		<StartDateTime>Oct 26 04:00 India Standard Time</StartDateTime>
		<StartTestTime>1698273052</StartTestTime>
		<TestList/>
		<EndDateTime>Oct 26 04:00 India Standard Time</EndDateTime>
		<EndTestTime>1698273052</EndTestTime>
		<ElapsedMinutes>0</ElapsedMinutes>
	</Testing>
</Site>
